Not searching for unused variables given on the command line.
[36m--[0m The C compiler identification is GNU 9.4.0
[36m--[0m The CXX compiler identification is GNU 9.4.0
[36m--[0m Check for working C compiler: /usr/lib/ccache/cc
[36m--[0m Check for working C compiler: /usr/lib/ccache/cc -- works
[36m--[0m Detecting C compiler ABI info
[36m--[0m Detecting C compiler ABI info - done
[36m--[0m Detecting C compile features
[36m--[0m Detecting C compile features - done
[36m--[0m Check for working CXX compiler: /usr/lib/ccache/c++
[36m--[0m Check for working CXX compiler: /usr/lib/ccache/c++ -- works
[36m--[0m Detecting CXX compiler ABI info
[36m--[0m Detecting CXX compiler ABI info - done
[36m--[0m Detecting CXX compile features
[36m--[0m Detecting CXX compile features - done
[36m--[0m Using CATKIN_DEVEL_PREFIX: /home/moe/catkin_ws/devel/.private/mavros
[36m--[0m Using CMAKE_PREFIX_PATH: /home/moe/catkin_ws/devel;/opt/ros/noetic
[36m--[0m This workspace overlays: /home/moe/catkin_ws/devel;/opt/ros/noetic
[36m--[0m Found PythonInterp: /usr/bin/python3 (found suitable version "3.8.10", minimum required is "3")
[36m--[0m Using PYTHON_EXECUTABLE: /usr/bin/python3
[36m--[0m Using Debian Python package layout
[36m--[0m Found PY_em: /home/moe/.local/lib/python3.8/site-packages/em.py
[36m--[0m Using empy: /home/moe/.local/lib/python3.8/site-packages/em.py
[36m--[0m Using CATKIN_ENABLE_TESTING: ON
[36m--[0m Call enable_testing()
[36m--[0m Using CATKIN_TEST_RESULTS_DIR: /home/moe/catkin_ws/build/mavros/test_results
[36m--[0m Forcing gtest/gmock from source, though one was otherwise available.
[36m--[0m Found gtest sources under '/usr/src/googletest': gtests will be built
[36m--[0m Found gmock sources under '/usr/src/googletest': gmock will be built
[36m--[0m Found PythonInterp: /usr/bin/python3 (found version "3.8.10")
[36m--[0m Found Threads: TRUE
[36m--[0m Using Python nosetests: /usr/bin/nosetests3
[36m--[0m catkin 0.8.10
[36m--[0m BUILD_SHARED_LIBS is on
[36m--[0m Using these message generators: gencpp;geneus;genlisp;gennodejs;genpy
[36m--[0m Found Boost: /usr/lib/x86_64-linux-gnu/cmake/Boost-1.71.0/BoostConfig.cmake (found version "1.71.0") found components: system
[36m--[0m Found GeographicLib: /usr/lib/x86_64-linux-gnu/libGeographic.so
[36m--[0m Geoid model datasets found in: /usr/share/GeographicLib/geoid
[36m--[0m Gravity Field model datasets found in: /usr/share/GeographicLib/gravity
[36m--[0m Magnetic Field model datasets found in: /usr/share/GeographicLib/magnetic
[36m--[0m Performing Test COMPILER_SUPPORTS_STD_CXX14
[36m--[0m Performing Test COMPILER_SUPPORTS_STD_CXX14 - Success
[36m--[0m Installing devel-space wrapper /home/moe/catkin_ws/src/mavros/mavros/scripts/checkid to /home/moe/catkin_ws/devel/.private/mavros/lib/mavros
[36m--[0m Installing devel-space wrapper /home/moe/catkin_ws/src/mavros/mavros/scripts/event_launcher to /home/moe/catkin_ws/devel/.private/mavros/lib/mavros
[36m--[0m Installing devel-space wrapper /home/moe/catkin_ws/src/mavros/mavros/scripts/install_geographiclib_datasets.sh to /home/moe/catkin_ws/devel/.private/mavros/lib/mavros
[36m--[0m Installing devel-space wrapper /home/moe/catkin_ws/src/mavros/mavros/scripts/mavcmd to /home/moe/catkin_ws/devel/.private/mavros/lib/mavros
[36m--[0m Installing devel-space wrapper /home/moe/catkin_ws/src/mavros/mavros/scripts/mavftp to /home/moe/catkin_ws/devel/.private/mavros/lib/mavros
[36m--[0m Installing devel-space wrapper /home/moe/catkin_ws/src/mavros/mavros/scripts/mavparam to /home/moe/catkin_ws/devel/.private/mavros/lib/mavros
[36m--[0m Installing devel-space wrapper /home/moe/catkin_ws/src/mavros/mavros/scripts/mavsafety to /home/moe/catkin_ws/devel/.private/mavros/lib/mavros
[36m--[0m Installing devel-space wrapper /home/moe/catkin_ws/src/mavros/mavros/scripts/mavsetp to /home/moe/catkin_ws/devel/.private/mavros/lib/mavros
[36m--[0m Installing devel-space wrapper /home/moe/catkin_ws/src/mavros/mavros/scripts/mavsys to /home/moe/catkin_ws/devel/.private/mavros/lib/mavros
[36m--[0m Installing devel-space wrapper /home/moe/catkin_ws/src/mavros/mavros/scripts/mavwp to /home/moe/catkin_ws/devel/.private/mavros/lib/mavros
[36m--[0m Configuring done
[36m--[0m Generating done
[36m--[0m Build files have been written to: /home/moe/catkin_ws/build/mavros
