[  0%] Built target visualization_msgs_generate_messages_nodejs
[  0%] Built target visualization_msgs_generate_messages_py
[  0%] Built target actionlib_msgs_generate_messages_nodejs
[  0%] Built target tf2_msgs_generate_messages_lisp
[  0%] Built target tf_generate_messages_nodejs
[  0%] Built target trajectory_msgs_generate_messages_nodejs
[  0%] Built target trajectory_msgs_generate_messages_cpp
[  0%] Built target tf_generate_messages_cpp
[  0%] Built target visualization_msgs_generate_messages_lisp
[  0%] Built target trajectory_msgs_generate_messages_lisp
[  0%] Built target actionlib_generate_messages_cpp
[  0%] Built target tf_generate_messages_eus
[  0%] Built target actionlib_generate_messages_nodejs
[  0%] Built target actionlib_msgs_generate_messages_eus
[  0%] Built target tf2_msgs_generate_messages_cpp
[  0%] Built target tf2_msgs_generate_messages_nodejs
[  0%] Built target visualization_msgs_generate_messages_eus
[  5%] Built target servo_state_publisher
[  5%] Built target roscpp_generate_messages_py
[  5%] Built target trajectory_msgs_generate_messages_eus
[  5%] Built target rosgraph_msgs_generate_messages_lisp
[  5%] Built target nav_msgs_generate_messages_cpp
[  5%] Built target std_msgs_generate_messages_nodejs
[  5%] Built target actionlib_generate_messages_py
[  5%] Built target diagnostic_msgs_generate_messages_lisp
[  5%] Built target diagnostic_msgs_generate_messages_eus
[  5%] Built target geometry_msgs_generate_messages_eus
[  5%] Built target std_msgs_generate_messages_cpp
[  5%] Built target std_msgs_generate_messages_py
[  5%] Built target nav_msgs_generate_messages_eus
[  5%] Built target tf2_msgs_generate_messages_eus
[  5%] Built target roscpp_generate_messages_cpp
[  5%] Built target tf_generate_messages_lisp
[  5%] Built target nav_msgs_generate_messages_py
[  5%] Built target geometry_msgs_generate_messages_py
[  5%] Built target actionlib_generate_messages_lisp
[  5%] Built target sensor_msgs_generate_messages_py
[  5%] Built target roscpp_generate_messages_lisp
[  5%] Built target diagnostic_msgs_generate_messages_cpp
[  5%] Built target rosgraph_msgs_generate_messages_py
[  5%] Built target mavros_msgs_generate_messages_eus
[  5%] Built target geometry_msgs_generate_messages_nodejs
[  5%] Built target trajectory_msgs_generate_messages_py
[  5%] Built target geometry_msgs_generate_messages_cpp
[  5%] Built target diagnostic_msgs_generate_messages_nodejs
[  5%] Built target actionlib_generate_messages_eus
[  5%] Built target uuid_msgs_generate_messages_lisp
[  5%] Built target roscpp_generate_messages_nodejs
[  5%] Built target uuid_msgs_generate_messages_eus
[  5%] Built target std_msgs_generate_messages_lisp
[  5%] Built target geometry_msgs_generate_messages_lisp
[  5%] Built target rosgraph_msgs_generate_messages_cpp
[  5%] Built target geographic_msgs_generate_messages_eus
[  5%] Built target uuid_msgs_generate_messages_cpp
[  5%] Built target geographic_msgs_generate_messages_cpp
[  5%] Built target roscpp_generate_messages_eus
[  5%] Built target mavros_msgs_generate_messages_py
[  5%] Built target rosgraph_msgs_generate_messages_eus
[  5%] Built target rosgraph_msgs_generate_messages_nodejs
[  5%] Built target geographic_msgs_generate_messages_lisp
[  5%] Built target nav_msgs_generate_messages_nodejs
[  5%] Built target geographic_msgs_generate_messages_nodejs
[  5%] Built target visualization_msgs_generate_messages_cpp
[  5%] Built target geographic_msgs_generate_messages_py
[  5%] Built target diagnostic_msgs_generate_messages_py
[  5%] Built target sensor_msgs_generate_messages_cpp
[  5%] Built target uuid_msgs_generate_messages_nodejs
[  5%] Built target uuid_msgs_generate_messages_py
[  5%] Built target tf2_msgs_generate_messages_py
[  5%] Built target actionlib_msgs_generate_messages_py
[  5%] Built target sensor_msgs_generate_messages_eus
[  5%] Built target sensor_msgs_generate_messages_lisp
[  5%] Built target mavros_msgs_generate_messages_lisp
[  5%] Built target mavros_msgs_generate_messages_nodejs
[  5%] Built target nav_msgs_generate_messages_lisp
[  5%] Built target sensor_msgs_generate_messages_nodejs
[  5%] Built target mavros_msgs_generate_messages_cpp
[  5%] Built target std_msgs_generate_messages_eus
[  5%] Built target tf_generate_messages_py
[  5%] Built target actionlib_msgs_generate_messages_cpp
[  5%] Built target actionlib_msgs_generate_messages_lisp
[ 11%] Built target visualization
[100%] Built target mavros_extras
